<?xml version="1.0" encoding="UTF-8"?>
<!-- Generated by org.testng.reporters.JUnitReportReporter -->
<testsuite skipped="0" hostname="LAPTOP-2EGUHMKF" name="com.testng.Invocations" tests="4" failures="0" timestamp="2021-04-17T17:25:02 IST" time="0.019" errors="0">
  <testcase name="testMethod2" time="0.006" classname="com.testng.Invocations"/>
  <system-out/>
  <testcase name="testMethod2" time="0.002" classname="com.testng.Invocations"/>
  <system-out/>
  <testcase name="googleTitle" time="0.009" classname="com.testng.Invocations"/>
  <system-out/>
  <testcase name="testMethod3" time="0.002" classname="com.testng.Invocations"/>
  <system-out/>
</testsuite> <!-- com.testng.Invocations -->
