<?xml version="1.0" encoding="UTF-8"?>
<!-- Generated by org.testng.reporters.JUnitReportReporter -->
<testsuite skipped="0" hostname="LAPTOP-2EGUHMKF" name="com.testng.TestNGAnnotations" tests="4" failures="0" timestamp="2021-03-25T10:19:06 IST" time="0.016" errors="0">
  <testcase name="googleTitle" time="0.004" classname="com.testng.TestNGAnnotations"/>
  <system-out/>
  <testcase name="testMethod3" time="0.004" classname="com.testng.TestNGAnnotations"/>
  <system-out/>
  <testcase name="testMethod2" time="0.005" classname="com.testng.TestNGAnnotations"/>
  <system-out/>
  <testcase name="testMethod2" time="0.003" classname="com.testng.TestNGAnnotations"/>
  <system-out/>
</testsuite> <!-- com.testng.TestNGAnnotations -->
