<?xml version="1.0" encoding="UTF-8"?>
<!-- Generated by org.testng.reporters.JUnitReportReporter -->
<testsuite skipped="0" hostname="LAPTOP-2EGUHMKF" name="com.testng.PriorityGroups" tests="3" failures="0" timestamp="2021-03-25T10:19:06 IST" time="0.012" errors="0">
  <testcase name="googleTitle" time="0.007" classname="com.testng.PriorityGroups"/>
  <system-out/>
  <testcase name="testMethod3" time="0.002" classname="com.testng.PriorityGroups"/>
  <system-out/>
  <testcase name="testMethod2" time="0.003" classname="com.testng.PriorityGroups"/>
  <system-out/>
</testsuite> <!-- com.testng.PriorityGroups -->
