<?xml version="1.0" encoding="UTF-8"?>
<!-- Generated by org.testng.reporters.JUnitReportReporter -->
<testsuite skipped="0" hostname="LAPTOP-2EGUHMKF" name="com.testng.ParameterInXML" tests="1" failures="0" timestamp="2021-03-27T16:26:32 IST" time="5.795" errors="0">
  <testcase name="fbLogin" time="5.795" classname="com.testng.ParameterInXML"/>
  <system-out/>
</testsuite> <!-- com.testng.ParameterInXML -->
