<?xml version="1.0" encoding="UTF-8"?>
<!-- Generated by org.testng.reporters.JUnitReportReporter -->
<testsuite skipped="0" hostname="LAPTOP-2EGUHMKF" name="co.practise.InitialLearnings" tests="1" failures="0" timestamp="2021-03-26T12:13:14 IST" time="0.011" errors="0">
  <testcase name="googleTitleTest" time="0.011" classname="co.practise.InitialLearnings"/>
  <system-out/>
</testsuite> <!-- co.practise.InitialLearnings -->
